#
# A fatal error has been detected by the Java Runtime Environment:
#
#  SIGSEGV (0xb) at pc=0x000000012ba30154, pid=2398, tid=0x0000000000000a0b
#
# JRE version: Java(TM) SE Runtime Environment (8.0_102-b04) (build 1.8.0_102-ea-b04)
# Java VM: Java HotSpot(TM) 64-Bit Server VM (25.102-b04 mixed mode bsd-amd64 compressed oops)
# Problematic frame:
# C  [libjfxwebkit.dylib+0x113e154]  _ZNK3JSC6JSCell11toPrimitiveEPNS_9ExecStateENS_22PreferredPrimitiveTypeE+0x4
#
# Failed to write core dump. Core dumps have been disabled. To enable core dumping, try "ulimit -c unlimited" before starting Java again
#
# If you would like to submit a bug report, please visit:
#   http://bugreport.java.com/bugreport/crash.jsp
# The crash happened outside the Java Virtual Machine in native code.
# See problematic frame for where to report the bug.
#

---------------  T H R E A D  ---------------

Current thread (0x00007fc39a808000):  JavaThread "JavaFX Application Thread" [_thread_in_native, id=2571, stack(0x00007fff5812e000,0x00007fff5892e000)]

siginfo: si_signo: 11 (SIGSEGV), si_code: 1 (SEGV_MAPERR), si_addr: 0x00000000ffffffff

Registers:
RAX=0x00000000fffffffd, RBX=0x00007fff58928020, RCX=0x0000000000007fff, RDX=0x0000000000000002
RSP=0x00007fff58927c70, RBP=0x00007fff58927c70, RSI=0x00007fff58928020, RDI=0x00000000ffffffff
R8 =0x000000013843f470, R9 =0x0000000000000000, R10=0x000000000000ffff, R11=0x000000012b933910
R12=0x0000000133ac9080, R13=0x00000000ffffffff, R14=0x00007fc39c1b0200, R15=0x00007fff58928020
RIP=0x000000012ba30154, EFLAGS=0x0000000000010206, ERR=0x0000000000000004
  TRAPNO=0x000000000000000e

Top of Stack: (sp=0x00007fff58927c70)
0x00007fff58927c70:   00007fff58927cc0 000000012ba94e91
0x00007fff58927c80:   0000000000000002 00007fc3a3a29ee0
0x00007fff58927c90:   00007fc3a5c95b80 00007fc3a39196d0
0x00007fff58927ca0:   00007fc3a3a29f20 000000012b934e30
0x00007fff58927cb0:   00000000ffffffff 00007fff58928020
0x00007fff58927cc0:   00007fff58927d70 000000012b93378a
0x00007fff58927cd0:   00007fff58927d28 00000000ffffffff
0x00007fff58927ce0:   0000000133ac9080 0000000000000000
0x00007fff58927cf0:   0000000000000013 00007fff58927fa8
0x00007fff58927d00:   00007fc3a5c95b80 0000000135d37c50
0x00007fff58927d10:   00007fc3a39196d0 00007fc39c1b0200
0x00007fff58927d20:   00007fff58928070 0000000100000001
0x00007fff58927d30:   00002bf5d9f3fa40 0000000100000001
0x00007fff58927d40:   00007fc3a3a30750 000000012b934e30
0x00007fff58927d50:   00007fff58928020 00007fff75682070
0x00007fff58927d60:   00000000ffffffff 0000000133ac9080
0x00007fff58927d70:   00007fff58928000 000000012b933b80
0x00007fff58927d80:   00007fc3a3a29ee0 0000000000000020
0x00007fff58927d90:   00007fff58928001 00002bf5d9f200e0
0x00007fff58927da0:   00007fff58927db8 00007fc39c1b0200
0x00007fff58927db0:   00002bf5da087b88 00007fff58927dc8
0x00007fff58927dc0:   0000000000000080 000135d37c50bb49
0x00007fff58927dd0:   00850f18394c0000 4808408b48000000
0x00007fff58927de0:   00000000e9a0408b 0000000135d37c50
0x00007fff58927df0:   00007fc3a5a7b510 00007fc39c1b0200
0x00007fff58927e00:   00007fff589281f0 0000000137a594b0
0x00007fff58927e10:   00007fff58927e60 000000012bae3572
0x00007fff58927e20:   00002bf5da089840 00007fff58927e7c
0x00007fff58927e30:   00007fff58927e60 000000012ba779d0
0x00007fff58927e40:   00007fff58927e50 00007fff58927dc8
0x00007fff58927e50:   0000002000000080 8000000080000000
0x00007fff58927e60:   7a18202b33794e69 00007fff58927ed0 

Instructions: (pc=0x000000012ba30154)
0x000000012ba30134:   18 48 8b 00 48 8b 50 08 e8 3f 38 06 00 48 89 c7
0x000000012ba30144:   48 89 f8 5d c3 0f 1f 80 00 00 00 00 55 48 89 e5
0x000000012ba30154:   48 8b 07 80 78 5c 05 75 06 5d e9 8d 37 06 00 48
0x000000012ba30164:   8b 08 48 85 c9 74 05 48 3b 09 75 2a 48 89 f9 48 

Register to memory mapping:

RAX=0x00000000fffffffd is an unknown value
RBX=0x00007fff58928020 is pointing into the stack for thread: 0x00007fc39a808000
RCX=0x0000000000007fff is an unknown value
RDX=0x0000000000000002 is an unknown value
RSP=0x00007fff58927c70 is pointing into the stack for thread: 0x00007fc39a808000
RBP=0x00007fff58927c70 is pointing into the stack for thread: 0x00007fc39a808000
RSI=0x00007fff58928020 is pointing into the stack for thread: 0x00007fc39a808000
RDI=0x00000000ffffffff is an unknown value
R8 =0x000000013843f470 is an unknown value
R9 =0x0000000000000000 is an unknown value
R10=0x000000000000ffff is an unknown value
R11=0x000000012b933910: operationGetByValDefault+0 in /Library/Java/JavaVirtualMachines/jdk1.8.0_102.jdk/Contents/Home/jre/lib/libjfxwebkit.dylib at 0x000000012a8f2000
R12=0x0000000133ac9080 is an unknown value
R13=0x00000000ffffffff is an unknown value
R14=0x00007fc39c1b0200 is an unknown value
R15=0x00007fff58928020 is pointing into the stack for thread: 0x00007fc39a808000


Stack: [0x00007fff5812e000,0x00007fff5892e000],  sp=0x00007fff58927c70,  free space=8167k
Native frames: (J=compiled Java code, j=interpreted, Vv=VM code, C=native code)
C  [libjfxwebkit.dylib+0x113e154]  _ZNK3JSC6JSCell11toPrimitiveEPNS_9ExecStateENS_22PreferredPrimitiveTypeE+0x4
C  [libjfxwebkit.dylib+0x11a2e91]  _ZNK3JSC7JSValue16toStringSlowCaseEPNS_9ExecStateE+0x321
C  [libjfxwebkit.dylib+0x104178a]  _ZN3JSCL8getByValEPNS_9ExecStateENS_7JSValueES2_NS_16ReturnAddressPtrE+0x20a
C  [libjfxwebkit.dylib+0x1041b80]  operationGetByValDefault+0x270
C  0x00002bf5d9e073d7
C  0x00002bf5d9e07834
C  0x00002bf5d9e9da53
C  0x00002bf5da087fdc
C  0x00002bf5d9e01a3a
C  0x00002bf5da22f311
C  0x00002bf5d9e0638a
C  0x00002bf5da1fa158
C  0x00002bf5d9e3b4e8
C  0x00002bf5d9e01a3a
C  [libjfxwebkit.dylib+0x1068947]  callToJavaScript+0x141
C  [libjfxwebkit.dylib+0x10223f3]  _ZN3JSC7JITCode7executeEPNS_2VMEPNS_14ProtoCallFrameE+0x23
C  [libjfxwebkit.dylib+0xfdef99]  _ZN3JSC11Interpreter11executeCallEPNS_9ExecStateEPNS_8JSObjectENS_8CallTypeERKNS_8CallDataENS_7JSValueERKNS_7ArgListE+0x1b9
C  [libjfxwebkit.dylib+0x110edde]  _ZN3JSC4callEPNS_9ExecStateENS_7JSValueENS_8CallTypeERKNS_8CallDataES2_RKNS_7ArgListE+0x3e
C  [libjfxwebkit.dylib+0x499a5c]  _ZN7WebCore21JSMainThreadExecState4callEPN3JSC9ExecStateENS1_7JSValueENS1_8CallTypeERKNS1_8CallDataES4_RKNS1_7ArgListE+0x1c
C  [libjfxwebkit.dylib+0x4cad8f]  _ZN7WebCore15ScheduledAction24executeFunctionInContextEPN3JSC14JSGlobalObjectENS1_7JSValueEPNS_22ScriptExecutionContextE+0x1df
C  [libjfxwebkit.dylib+0x4ca960]  _ZN7WebCore15ScheduledAction7executeEPNS_8DocumentE+0x90
C  [libjfxwebkit.dylib+0x9a3f61]  _ZN7WebCore8DOMTimer5firedEv+0x131
C  [libjfxwebkit.dylib+0xad898d]  _ZN7WebCore12ThreadTimers24sharedTimerFiredInternalEv+0x9d
J 2092  com.sun.webkit.Timer.twkFireTimerEvent()V (0 bytes) @ 0x0000000109b458ac [0x0000000109b45800+0xac]
J 3526 C2 javafx.scene.web.WebEngine$PulseTimer$$Lambda$88.pulse()V (4 bytes) @ 0x0000000109ed77dc [0x0000000109ed7640+0x19c]
J 2381 C2 com.sun.javafx.tk.Toolkit$$Lambda$182.run()Ljava/lang/Object; (8 bytes) @ 0x00000001097bd170 [0x00000001097bd120+0x50]
v  ~StubRoutines::call_stub
V  [libjvm.dylib+0x2de242]
V  [libjvm.dylib+0x321a70]
J 1326  java.security.AccessController.doPrivileged(Ljava/security/PrivilegedAction;Ljava/security/AccessControlContext;)Ljava/lang/Object; (0 bytes) @ 0x00000001099bfb15 [0x00000001099bfa40+0xd5]
J 2552 C2 com.sun.javafx.tk.Toolkit.firePulse()V (279 bytes) @ 0x0000000109cd076c [0x0000000109ccf3a0+0x13cc]
J 2569 C2 com.sun.javafx.tk.quantum.QuantumToolkit$$Lambda$41.run()V (8 bytes) @ 0x00000001099a5f8c [0x00000001099a5b80+0x40c]
J 2588 C2 com.sun.glass.ui.InvokeLaterDispatcher$Future.run()V (91 bytes) @ 0x000000010999b6bc [0x000000010999b660+0x5c]
v  ~StubRoutines::call_stub
V  [libjvm.dylib+0x2de242]
V  [libjvm.dylib+0x2f8a22]
V  [libjvm.dylib+0x2eb29b]
C  [libglass.dylib+0x45cb]  -[GlassRunnable run]+0x6b
C  [Foundation+0x7754e]  __NSThreadPerformPerform+0x117
C  [CoreFoundation+0xaa621]  __CFRUNLOOP_IS_CALLING_OUT_TO_A_SOURCE0_PERFORM_FUNCTION__+0x11
C  [CoreFoundation+0x89e1c]  __CFRunLoopDoSources0+0x22c
C  [CoreFoundation+0x8933f]  __CFRunLoopRun+0x39f
C  [CoreFoundation+0x88d38]  CFRunLoopRunSpecific+0x128
C  [HIToolbox+0x30d55]  RunCurrentEventLoopInMode+0xeb
C  [HIToolbox+0x30b8f]  ReceiveNextEventCommon+0x1b0
C  [HIToolbox+0x309cf]  _BlockUntilNextEventMatchingListInModeWithFilter+0x47
C  [AppKit+0x49f3a]  _DPSNextEvent+0x42b
C  [AppKit+0x49369]  -[NSApplication _nextEventMatchingEventMask:untilDate:inMode:dequeue:]+0x1c6
C  [AppKit+0x3decc]  -[NSApplication run]+0x2aa
C  [libglass.dylib+0x657c]  -[GlassApplication runLoop:]+0x72c
C  [Foundation+0x7754e]  __NSThreadPerformPerform+0x117
C  [CoreFoundation+0xaa621]  __CFRUNLOOP_IS_CALLING_OUT_TO_A_SOURCE0_PERFORM_FUNCTION__+0x11
C  [CoreFoundation+0x89e1c]  __CFRunLoopDoSources0+0x22c
C  [CoreFoundation+0x8933f]  __CFRunLoopRun+0x39f
C  [CoreFoundation+0x88d38]  CFRunLoopRunSpecific+0x128
C  [java+0x6465]  CreateExecutionEnvironment+0x367
C  [java+0x218c]  JLI_Launch+0x7a0
C  [java+0x84c2]  main+0x65
C  [java+0x19e4]  start+0x34
C  0x0000000000000008

Java frames: (J=compiled Java code, j=interpreted, Vv=VM code)
J 2092  com.sun.webkit.Timer.twkFireTimerEvent()V (0 bytes) @ 0x0000000109b4583e [0x0000000109b45800+0x3e]
J 3526 C2 javafx.scene.web.WebEngine$PulseTimer$$Lambda$88.pulse()V (4 bytes) @ 0x0000000109ed77dc [0x0000000109ed7640+0x19c]
J 2381 C2 com.sun.javafx.tk.Toolkit$$Lambda$182.run()Ljava/lang/Object; (8 bytes) @ 0x00000001097bd170 [0x00000001097bd120+0x50]
v  ~StubRoutines::call_stub
J 1326  java.security.AccessController.doPrivileged(Ljava/security/PrivilegedAction;Ljava/security/AccessControlContext;)Ljava/lang/Object; (0 bytes) @ 0x00000001099bfaa3 [0x00000001099bfa40+0x63]
J 2552 C2 com.sun.javafx.tk.Toolkit.firePulse()V (279 bytes) @ 0x0000000109cd076c [0x0000000109ccf3a0+0x13cc]
J 2569 C2 com.sun.javafx.tk.quantum.QuantumToolkit$$Lambda$41.run()V (8 bytes) @ 0x00000001099a5f8c [0x00000001099a5b80+0x40c]
J 2588 C2 com.sun.glass.ui.InvokeLaterDispatcher$Future.run()V (91 bytes) @ 0x000000010999b6bc [0x000000010999b660+0x5c]
v  ~StubRoutines::call_stub

---------------  P R O C E S S  ---------------

Java Threads: ( => current thread )
  0x00007fc3a2b66000 JavaThread "Keep-Alive-Timer" daemon [_thread_blocked, id=83211, stack(0x0000700002a24000,0x0000700002b24000)]
  0x00007fc3a2bac800 JavaThread "URL-Loader-47" daemon [_thread_in_native, id=86179, stack(0x0000700003036000,0x0000700003136000)]
  0x00007fc39936b800 JavaThread "URL-Loader-46" daemon [_thread_blocked, id=65047, stack(0x0000700002d2d000,0x0000700002e2d000)]
  0x00007fc3a2d5b800 JavaThread "pool-5-thread-1" [_thread_in_native, id=43843, stack(0x000070000238f000,0x000070000248f000)]
  0x00007fc39a670000 JavaThread "Thread-262" daemon [_thread_in_native, id=71139, stack(0x0000700000097000,0x0000700000117000)]
  0x00007fc3a29cf000 JavaThread "URL-Loader-36" daemon [_thread_in_native, id=77979, stack(0x0000700002e30000,0x0000700002f30000)]
  0x00007fc399b72800 JavaThread "URL-Loader-35" daemon [_thread_in_native, id=80271, stack(0x0000700002b27000,0x0000700002c27000)]
  0x00007fc3a3015000 JavaThread "URL-Loader-33" daemon [_thread_in_native, id=71407, stack(0x000070000271b000,0x000070000281b000)]
  0x00007fc3a3011800 JavaThread "URL-Loader-30" daemon [_thread_in_native, id=71923, stack(0x0000700001f7d000,0x000070000207d000)]
  0x00007fc39c552800 JavaThread "pool-4-thread-1" [_thread_blocked, id=63851, stack(0x000070000228c000,0x000070000238c000)]
  0x00007fc399090000 JavaThread "URL-Loader-16" daemon [_thread_blocked, id=58699, stack(0x0000700002921000,0x0000700002a21000)]
  0x00007fc399a76800 JavaThread "URL-Loader-13" daemon [_thread_in_native, id=66347, stack(0x0000700002618000,0x0000700002718000)]
  0x00007fc399a35000 JavaThread "Watchdog-Timer-1" daemon [_thread_blocked, id=16659, stack(0x0000700002c2a000,0x0000700002d2a000)]
  0x00007fc39c1fa800 JavaThread "pool-3-thread-1" [_thread_blocked, id=64827, stack(0x0000700000d3e000,0x0000700000e3e000)]
  0x00007fc399221800 JavaThread "FX Access Thread (Visual Debugger)" daemon [_thread_blocked, id=61703, stack(0x0000700002189000,0x0000700002289000)]
  0x00007fc39a09c800 JavaThread "Prism Font Disposer" daemon [_thread_blocked, id=58375, stack(0x0000700001e7a000,0x0000700001f7a000)]
  0x00007fc39c1c1000 JavaThread "Disposer" daemon [_thread_blocked, id=55299, stack(0x0000700001d77000,0x0000700001e77000)]
  0x00007fc39a071800 JavaThread "JavaFX-Launcher" [_thread_blocked, id=54531, stack(0x0000700001bf1000,0x0000700001cf1000)]
  0x00007fc39910f000 JavaThread "Thread-3" daemon [_thread_in_native, id=42499, stack(0x0000700001aeb000,0x0000700001b6b000)]
=>0x00007fc39a808000 JavaThread "JavaFX Application Thread" [_thread_in_native, id=2571, stack(0x00007fff5812e000,0x00007fff5892e000)]
  0x00007fc399937800 JavaThread "Thread-1" daemon [_thread_blocked, id=29451, stack(0x0000700001965000,0x0000700001a65000)]
  0x00007fc39d008800 JavaThread "QuantumRenderer-0" daemon [_thread_blocked, id=23811, stack(0x0000700001862000,0x0000700001962000)]
  0x00007fc39905d800 JavaThread "Service Thread" daemon [_thread_blocked, id=22787, stack(0x000070000165c000,0x000070000175c000)]
  0x00007fc39a029800 JavaThread "C1 CompilerThread3" daemon [_thread_blocked, id=22275, stack(0x0000700001559000,0x0000700001659000)]
  0x00007fc39a019000 JavaThread "C2 CompilerThread2" daemon [_thread_blocked, id=21763, stack(0x0000700001456000,0x0000700001556000)]
  0x00007fc39a018000 JavaThread "C2 CompilerThread1" daemon [_thread_blocked, id=21251, stack(0x0000700001353000,0x0000700001453000)]
  0x00007fc39b800800 JavaThread "C2 CompilerThread0" daemon [_thread_blocked, id=20739, stack(0x0000700001250000,0x0000700001350000)]
  0x00007fc399814800 JavaThread "JDWP Command Reader" daemon [_thread_in_native, id=20227, stack(0x000070000114d000,0x000070000124d000)]
  0x00007fc399814000 JavaThread "JDWP Event Helper Thread" daemon [_thread_blocked, id=19715, stack(0x000070000104a000,0x000070000114a000)]
  0x00007fc399809800 JavaThread "JDWP Transport Listener: dt_socket" daemon [_thread_blocked, id=19203, stack(0x0000700000f47000,0x0000700001047000)]
  0x00007fc39905a800 JavaThread "Signal Dispatcher" daemon [_thread_blocked, id=15887, stack(0x0000700000e44000,0x0000700000f44000)]
  0x00007fc399053800 JavaThread "Finalizer" daemon [_thread_blocked, id=14339, stack(0x0000700000c3b000,0x0000700000d3b000)]
  0x00007fc39c801000 JavaThread "Reference Handler" daemon [_thread_blocked, id=13827, stack(0x0000700000b38000,0x0000700000c38000)]
  0x00007fc39c001800 JavaThread "main" [_thread_blocked, id=5891, stack(0x000070000011a000,0x000070000021a000)]

Other Threads:
  0x00007fc399053000 VMThread [stack: 0x0000700000a35000,0x0000700000b35000] [id=13315]
  0x00007fc39a04a800 WatcherThread [stack: 0x000070000175f000,0x000070000185f000] [id=23299]

VM state:not at safepoint (normal execution)

VM Mutex/Monitor currently owned by a thread: None

Heap:
 PSYoungGen      total 270848K, used 188011K [0x000000076ab00000, 0x000000077c800000, 0x00000007c0000000)
  eden space 259072K, 68% used [0x000000076ab00000,0x0000000775721890,0x000000077a800000)
  from space 11776K, 99% used [0x000000077b680000,0x000000077c1f94a8,0x000000077c200000)
  to   space 14848K, 0% used [0x000000077a800000,0x000000077a800000,0x000000077b680000)
 ParOldGen       total 90624K, used 16465K [0x00000006c0000000, 0x00000006c5880000, 0x000000076ab00000)
  object space 90624K, 18% used [0x00000006c0000000,0x00000006c1014500,0x00000006c5880000)
 Metaspace       used 27835K, capacity 29036K, committed 29312K, reserved 1075200K
  class space    used 3455K, capacity 3712K, committed 3712K, reserved 1048576K

Card table byte_map: [0x00000001188f9000,0x00000001190fa000] byte_map_base: 0x00000001152f9000

Marking Bits: (ParMarkBitMap*) 0x0000000108e91610
 Begin Bits: [0x0000000119650000, 0x000000011d650000)
 End Bits:   [0x000000011d650000, 0x0000000121650000)

Polling page: 0x00000001075c7000

CodeCache: size=245760Kb used=19391Kb max_used=19438Kb free=226368Kb
 bounds [0x0000000109539000, 0x000000010a869000, 0x0000000118539000]
 total_blobs=6693 nmethods=5880 adapters=733
 compilation: enabled

Compilation events (10 events):
Event: 353.542 Thread 0x00007fc39a029800 7247   !   3       sun.net.www.protocol.http.HttpURLConnection::checkResponseCredentials (179 bytes)
Event: 353.542 Thread 0x00007fc39a029800 nmethod 7247 0x000000010a6ac910 code [0x000000010a6acaa0, 0x000000010a6acd68]
Event: 353.543 Thread 0x00007fc39a029800 7248       3       com.sun.javafx.webkit.prism.WCImageDecoderImpl::addImageData (144 bytes)
Event: 353.545 Thread 0x00007fc39a029800 nmethod 7248 0x000000010a6ab450 code [0x000000010a6ab680, 0x000000010a6ac438]
Event: 353.551 Thread 0x00007fc39a029800 7249       1       javafx.geometry.Bounds::getMaxZ (5 bytes)
Event: 353.551 Thread 0x00007fc39a029800 nmethod 7249 0x0000000109aeacd0 code [0x0000000109aeae20, 0x0000000109aeaf30]
Event: 355.609 Thread 0x00007fc39b800800 7250       4       sun.reflect.ClassFileAssembler::emitShort (24 bytes)
Event: 355.610 Thread 0x00007fc39a029800 7251       3       sun.security.provider.SHA::implDigest (96 bytes)
Event: 355.610 Thread 0x00007fc39a029800 nmethod 7251 0x0000000109aea550 code [0x0000000109aea700, 0x0000000109aeab68]
Event: 355.614 Thread 0x00007fc39b800800 nmethod 7250 0x000000010a6aa8d0 code [0x000000010a6aaa80, 0x000000010a6aaf98]

GC Heap History (10 events):
Event: 173.811 GC heap before
{Heap before GC invocations=5 (full 1):
 PSYoungGen      total 76288K, used 70335K [0x000000076ab00000, 0x0000000770000000, 0x00000007c0000000)
  eden space 65536K, 99% used [0x000000076ab00000,0x000000076eae41a0,0x000000076eb00000)
  from space 10752K, 45% used [0x000000076eb00000,0x000000076efcbda8,0x000000076f580000)
  to   space 10752K, 0% used [0x000000076f580000,0x000000076f580000,0x0000000770000000)
 ParOldGen       total 90624K, used 13390K [0x00000006c0000000, 0x00000006c5880000, 0x000000076ab00000)
  object space 90624K, 14% used [0x00000006c0000000,0x00000006c0d138c8,0x00000006c5880000)
 Metaspace       used 23347K, capacity 24374K, committed 24704K, reserved 1071104K
  class space    used 3107K, capacity 3349K, committed 3456K, reserved 1048576K
Event: 173.814 GC heap after
Heap after GC invocations=5 (full 1):
 PSYoungGen      total 76288K, used 3705K [0x000000076ab00000, 0x0000000774000000, 0x00000007c0000000)
  eden space 65536K, 0% used [0x000000076ab00000,0x000000076ab00000,0x000000076eb00000)
  from space 10752K, 34% used [0x000000076f580000,0x000000076f91e7e0,0x0000000770000000)
  to   space 10752K, 0% used [0x000000076eb00000,0x000000076eb00000,0x000000076f580000)
 ParOldGen       total 90624K, used 13390K [0x00000006c0000000, 0x00000006c5880000, 0x000000076ab00000)
  object space 90624K, 14% used [0x00000006c0000000,0x00000006c0d138c8,0x00000006c5880000)
 Metaspace       used 23347K, capacity 24374K, committed 24704K, reserved 1071104K
  class space    used 3107K, capacity 3349K, committed 3456K, reserved 1048576K
}
Event: 173.826 GC heap before
{Heap before GC invocations=6 (full 1):
 PSYoungGen      total 76288K, used 69115K [0x000000076ab00000, 0x0000000774000000, 0x00000007c0000000)
  eden space 65536K, 99% used [0x000000076ab00000,0x000000076eae0608,0x000000076eb00000)
  from space 10752K, 34% used [0x000000076f580000,0x000000076f91e7e0,0x0000000770000000)
  to   space 10752K, 0% used [0x000000076eb00000,0x000000076eb00000,0x000000076f580000)
 ParOldGen       total 90624K, used 13390K [0x00000006c0000000, 0x00000006c5880000, 0x000000076ab00000)
  object space 90624K, 14% used [0x00000006c0000000,0x00000006c0d138c8,0x00000006c5880000)
 Metaspace       used 23347K, capacity 24374K, committed 24704K, reserved 1071104K
  class space    used 3107K, capacity 3349K, committed 3456K, reserved 1048576K
Event: 173.829 GC heap after
Heap after GC invocations=6 (full 1):
 PSYoungGen      total 76288K, used 3707K [0x000000076ab00000, 0x0000000774000000, 0x00000007c0000000)
  eden space 65536K, 0% used [0x000000076ab00000,0x000000076ab00000,0x000000076eb00000)
  from space 10752K, 34% used [0x000000076eb00000,0x000000076ee9efd8,0x000000076f580000)
  to   space 10752K, 0% used [0x0000000773580000,0x0000000773580000,0x0000000774000000)
 ParOldGen       total 90624K, used 13390K [0x00000006c0000000, 0x00000006c5880000, 0x000000076ab00000)
  object space 90624K, 14% used [0x00000006c0000000,0x00000006c0d138c8,0x00000006c5880000)
 Metaspace       used 23347K, capacity 24374K, committed 24704K, reserved 1071104K
  class space    used 3107K, capacity 3349K, committed 3456K, reserved 1048576K
}
Event: 173.841 GC heap before
{Heap before GC invocations=7 (full 1):
 PSYoungGen      total 76288K, used 69218K [0x000000076ab00000, 0x0000000774000000, 0x00000007c0000000)
  eden space 65536K, 99% used [0x000000076ab00000,0x000000076eaf98c0,0x000000076eb00000)
  from space 10752K, 34% used [0x000000076eb00000,0x000000076ee9efd8,0x000000076f580000)
  to   space 10752K, 0% used [0x0000000773580000,0x0000000773580000,0x0000000774000000)
 ParOldGen       total 90624K, used 13390K [0x00000006c0000000, 0x00000006c5880000, 0x000000076ab00000)
  object space 90624K, 14% used [0x00000006c0000000,0x00000006c0d138c8,0x00000006c5880000)
 Metaspace       used 23347K, capacity 24374K, committed 24704K, reserved 1071104K
  class space    used 3107K, capacity 3349K, committed 3456K, reserved 1048576K
Event: 173.844 GC heap after
Heap after GC invocations=7 (full 1):
 PSYoungGen      total 141824K, used 3783K [0x000000076ab00000, 0x0000000774000000, 0x00000007c0000000)
  eden space 131072K, 0% used [0x000000076ab00000,0x000000076ab00000,0x0000000772b00000)
  from space 10752K, 35% used [0x0000000773580000,0x0000000773931ee0,0x0000000774000000)
  to   space 10752K, 0% used [0x0000000772b00000,0x0000000772b00000,0x0000000773580000)
 ParOldGen       total 90624K, used 13398K [0x00000006c0000000, 0x00000006c5880000, 0x000000076ab00000)
  object space 90624K, 14% used [0x00000006c0000000,0x00000006c0d158c8,0x00000006c5880000)
 Metaspace       used 23347K, capacity 24374K, committed 24704K, reserved 1071104K
  class space    used 3107K, capacity 3349K, committed 3456K, reserved 1048576K
}
Event: 205.664 GC heap before
{Heap before GC invocations=8 (full 1):
 PSYoungGen      total 141824K, used 134855K [0x000000076ab00000, 0x0000000774000000, 0x00000007c0000000)
  eden space 131072K, 100% used [0x000000076ab00000,0x0000000772b00000,0x0000000772b00000)
  from space 10752K, 35% used [0x0000000773580000,0x0000000773931ee0,0x0000000774000000)
  to   space 10752K, 0% used [0x0000000772b00000,0x0000000772b00000,0x0000000773580000)
 ParOldGen       total 90624K, used 13398K [0x00000006c0000000, 0x00000006c5880000, 0x000000076ab00000)
  object space 90624K, 14% used [0x00000006c0000000,0x00000006c0d158c8,0x00000006c5880000)
 Metaspace       used 25395K, capacity 26460K, committed 26624K, reserved 1073152K
  class space    used 3248K, capacity 3468K, committed 3584K, reserved 1048576K
Event: 205.670 GC heap after
Heap after GC invocations=8 (full 1):
 PSYoungGen      total 141824K, used 9246K [0x000000076ab00000, 0x000000077c200000, 0x00000007c0000000)
  eden space 131072K, 0% used [0x000000076ab00000,0x000000076ab00000,0x0000000772b00000)
  from space 10752K, 86% used [0x0000000772b00000,0x0000000773407b30,0x0000000773580000)
  to   space 11776K, 0% used [0x000000077b680000,0x000000077b680000,0x000000077c200000)
 ParOldGen       total 90624K, used 13406K [0x00000006c0000000, 0x00000006c5880000, 0x000000076ab00000)
  object space 90624K, 14% used [0x00000006c0000000,0x00000006c0d178c8,0x00000006c5880000)
 Metaspace       used 25395K, capacity 26460K, committed 26624K, reserved 1073152K
  class space    used 3248K, capacity 3468K, committed 3584K, reserved 1048576K
}
Event: 272.749 GC heap before
{Heap before GC invocations=9 (full 1):
 PSYoungGen      total 141824K, used 140318K [0x000000076ab00000, 0x000000077c200000, 0x00000007c0000000)
  eden space 131072K, 100% used [0x000000076ab00000,0x0000000772b00000,0x0000000772b00000)
  from space 10752K, 86% used [0x0000000772b00000,0x0000000773407b30,0x0000000773580000)
  to   space 11776K, 0% used [0x000000077b680000,0x000000077b680000,0x000000077c200000)
 ParOldGen       total 90624K, used 13406K [0x00000006c0000000, 0x00000006c5880000, 0x000000076ab00000)
  object space 90624K, 14% used [0x00000006c0000000,0x00000006c0d178e8,0x00000006c5880000)
 Metaspace       used 25997K, capacity 27106K, committed 27392K, reserved 1073152K
  class space    used 3291K, capacity 3519K, committed 3584K, reserved 1048576K
Event: 272.757 GC heap after
Heap after GC invocations=9 (full 1):
 PSYoungGen      total 270848K, used 11749K [0x000000076ab00000, 0x000000077c800000, 0x00000007c0000000)
  eden space 259072K, 0% used [0x000000076ab00000,0x000000076ab00000,0x000000077a800000)
  from space 11776K, 99% used [0x000000077b680000,0x000000077c1f94a8,0x000000077c200000)
  to   space 14848K, 0% used [0x000000077a800000,0x000000077a800000,0x000000077b680000)
 ParOldGen       total 90624K, used 16465K [0x00000006c0000000, 0x00000006c5880000, 0x000000076ab00000)
  object space 90624K, 18% used [0x00000006c0000000,0x00000006c1014500,0x00000006c5880000)
 Metaspace       used 25997K, capacity 27106K, committed 27392K, reserved 1073152K
  class space    used 3291K, capacity 3519K, committed 3584K, reserved 1048576K
}

Deoptimization events (10 events):
Event: 308.750 Thread 0x00007fc39d008800 Uncommon trap: reason=unstable_if action=reinterpret pc=0x000000010a493ee8 method=com.sun.javafx.font.PrismFontStrike.getQuantizedPosition(Lcom/sun/javafx/geom/Point2D;)I @ 4
Event: 308.750 Thread 0x00007fc39d008800 Uncommon trap: reason=unstable_if action=reinterpret pc=0x000000010a4948a0 method=com.sun.javafx.font.PrismFontStrike.getQuantizedPosition(Lcom/sun/javafx/geom/Point2D;)I @ 4
Event: 312.735 Thread 0x00007fc399090000 Uncommon trap: reason=unstable_if action=reinterpret pc=0x0000000109f800e0 method=java.util.regex.Pattern.compile()V @ 249
Event: 314.901 Thread 0x00007fc39d008800 Uncommon trap: reason=intrinsic action=make_not_entrant pc=0x000000010a826484 method=com.sun.prism.impl.ps.BaseShaderGraphics.drawString(Lcom/sun/javafx/scene/text/GlyphList;Lcom/sun/javafx/font/FontStrike;FFLcom/sun/prism/paint/Color;II)V @ 546
Event: 319.115 Thread 0x00007fc39a808000 Uncommon trap: reason=unstable_if action=reinterpret pc=0x000000010a2875e0 method=javafx.scene.Scene.addToDirtyList(Ljavafx/scene/Node;)V @ 43
Event: 324.089 Thread 0x00007fc39a808000 Uncommon trap: reason=unstable_if action=reinterpret pc=0x0000000109a4c654 method=com.sun.javafx.scene.control.behavior.KeyBinding.getSpecificity(Ljavafx/scene/control/Control;Ljavafx/scene/input/KeyEvent;)I @ 93
Event: 324.765 Thread 0x00007fc39d008800 Uncommon trap: reason=class_check action=maybe_recompile pc=0x000000010a30505c method=com.sun.javafx.sg.prism.NGNode.markCullRegions(Lcom/sun/javafx/geom/DirtyRegionContainer;ILcom/sun/javafx/geom/transform/BaseTransform;Lcom/sun/javafx/geom/transform/Gen
Event: 327.070 Thread 0x00007fc3a31ee800 Uncommon trap: reason=unstable_if action=reinterpret pc=0x0000000109bfe824 method=java.util.concurrent.locks.AbstractQueuedSynchronizer.acquireQueued(Ljava/util/concurrent/locks/AbstractQueuedSynchronizer$Node;I)Z @ 17
Event: 341.477 Thread 0x00007fc39985a800 Uncommon trap: reason=unstable_if action=reinterpret pc=0x000000010a1a0f04 method=java.io.BufferedInputStream.read1([BII)I @ 60
Event: 342.771 Thread 0x00007fc399090000 Uncommon trap: reason=unstable_if action=reinterpret pc=0x0000000109c2a150 method=java.util.concurrent.locks.ReentrantLock$Sync.tryRelease(I)Z @ 28

Internal exceptions (10 events):
Event: 308.769 Thread 0x00007fc39a808000 Exception <a 'java/io/FileNotFoundException'> (0x0000000772508b38) thrown at [/HUDSON3/workspace/8-2-build-macosx-x86_64/jdk8u102/6817.nc/hotspot/src/share/vm/prims/jni.cpp, line 709]
Event: 308.769 Thread 0x00007fc39a808000 Exception <a 'java/io/FileNotFoundException'> (0x0000000772509858) thrown at [/HUDSON3/workspace/8-2-build-macosx-x86_64/jdk8u102/6817.nc/hotspot/src/share/vm/prims/jni.cpp, line 709]
Event: 308.826 Thread 0x00007fc39a808000 Exception <a 'java/lang/ClassNotFoundException': sun/net/www/protocol/about/Handler> (0x00000007728c4e20) thrown at [/HUDSON3/workspace/8-2-build-macosx-x86_64/jdk8u102/6817.nc/hotspot/src/share/vm/classfile/systemDictionary.cpp, line 210]
Event: 309.620 Thread 0x00007fc399386000 Exception <a 'sun/net/ConnectionResetException': Connection reset> (0x0000000772f530e0) thrown at [/HUDSON3/workspace/8-2-build-macosx-x86_64/jdk8u102/6817.nc/hotspot/src/share/vm/prims/jni.cpp, line 735]
Event: 317.695 Thread 0x00007fc399a5e800 Exception <a 'sun/net/ConnectionResetException': Connection reset> (0x00000007745253c8) thrown at [/HUDSON3/workspace/8-2-build-macosx-x86_64/jdk8u102/6817.nc/hotspot/src/share/vm/prims/jni.cpp, line 735]
Event: 317.695 Thread 0x00007fc399a5e800 Exception <a 'java/net/SocketException'> (0x0000000774525fb8) thrown at [/HUDSON3/workspace/8-2-build-macosx-x86_64/jdk8u102/6817.nc/hotspot/src/share/vm/prims/jni.cpp, line 709]
Event: 318.133 Thread 0x00007fc39a808000 Exception <a 'java/lang/ClassNotFoundException': sun/net/www/protocol/about/Handler> (0x00000007744893d8) thrown at [/HUDSON3/workspace/8-2-build-macosx-x86_64/jdk8u102/6817.nc/hotspot/src/share/vm/classfile/systemDictionary.cpp, line 210]
Event: 339.469 Thread 0x00007fc399090000 Exception <a 'sun/net/ConnectionResetException': Connection reset> (0x00000007748a1d38) thrown at [/HUDSON3/workspace/8-2-build-macosx-x86_64/jdk8u102/6817.nc/hotspot/src/share/vm/prims/jni.cpp, line 735]
Event: 339.470 Thread 0x00007fc399090000 Exception <a 'java/net/SocketException'> (0x00000007748a2a50) thrown at [/HUDSON3/workspace/8-2-build-macosx-x86_64/jdk8u102/6817.nc/hotspot/src/share/vm/prims/jni.cpp, line 709]
Event: 353.548 Thread 0x00007fc39a808000 Exception <a 'java/lang/ClassNotFoundException': sun/net/www/protocol/about/Handler> (0x0000000775620868) thrown at [/HUDSON3/workspace/8-2-build-macosx-x86_64/jdk8u102/6817.nc/hotspot/src/share/vm/classfile/systemDictionary.cpp, line 210]

Events (10 events):
Event: 353.549 Thread 0x00007fc39a808000 DEOPT PACKING pc=0x000000010a450604 sp=0x00007fff589266e0
Event: 353.549 Thread 0x00007fc39a808000 DEOPT UNPACKING pc=0x0000000109580373 sp=0x00007fff58926490 mode 1
Event: 355.362 Thread 0x00007fc3a29d6800 Thread exited: 0x00007fc3a29d6800
Event: 355.610 Thread 0x00007fc399b5d000 Thread added: 0x00007fc399b5d000
Event: 355.611 Executing VM operation: RevokeBias
Event: 355.611 Executing VM operation: RevokeBias done
Event: 355.611 Thread 0x00007fc399b5d000 Thread exited: 0x00007fc399b5d000
Event: 355.611 Thread 0x00007fc39a029800 flushing nmethod 0x0000000109e245d0
Event: 355.615 Thread 0x00007fc39b800800 flushing nmethod 0x0000000109f78dd0
Event: 355.615 Thread 0x00007fc39b800800 flushing nmethod 0x0000000109fd9150


Dynamic libraries:
0x0000000003cfd000 	/System/Library/Frameworks/Cocoa.framework/Versions/A/Cocoa
0x0000000003cfd000 	/System/Library/Frameworks/Security.framework/Versions/A/Security
0x0000000003cfd000 	/System/Library/Frameworks/ApplicationServices.framework/Versions/A/ApplicationServices
0x0000000003cfd000 	/usr/lib/libz.1.dylib
0x0000000003cfd000 	/usr/lib/libSystem.B.dylib
0x0000000003cfd000 	/usr/lib/libobjc.A.dylib
0x0000000003cfd000 	/System/Library/Frameworks/CoreFoundation.framework/Versions/A/CoreFoundation
0x0000000003cfd000 	/System/Library/Frameworks/Foundation.framework/Versions/C/Foundation
0x0000000003cfd000 	/System/Library/Frameworks/AppKit.framework/Versions/C/AppKit
0x0000000003cfd000 	/System/Library/Frameworks/CoreData.framework/Versions/A/CoreData
0x0000000003cfd000 	/System/Library/PrivateFrameworks/RemoteViewServices.framework/Versions/A/RemoteViewServices
0x0000000003cfd000 	/System/Library/PrivateFrameworks/UIFoundation.framework/Versions/A/UIFoundation
0x0000000003cfd000 	/usr/lib/libScreenReader.dylib
0x0000000003cfd000 	/System/Library/Frameworks/Accelerate.framework/Versions/A/Accelerate
0x0000000003cfd000 	/System/Library/Frameworks/IOSurface.framework/Versions/A/IOSurface
0x0000000003cfd000 	/System/Library/Frameworks/AudioToolbox.framework/Versions/A/AudioToolbox
0x0000000003cfd000 	/System/Library/Frameworks/AudioUnit.framework/Versions/A/AudioUnit
0x0000000003cfd000 	/System/Library/PrivateFrameworks/DataDetectorsCore.framework/Versions/A/DataDetectorsCore
0x0000000003cfd000 	/System/Library/PrivateFrameworks/DesktopServicesPriv.framework/Versions/A/DesktopServicesPriv
0x0000000003cfd000 	/System/Library/Frameworks/Carbon.framework/Versions/A/Frameworks/HIToolbox.framework/Versions/A/HIToolbox
0x0000000003cfd000 	/System/Library/Frameworks/QuartzCore.framework/Versions/A/QuartzCore
0x0000000003cfd000 	/System/Library/Frameworks/Carbon.framework/Versions/A/Frameworks/SpeechRecognition.framework/Versions/A/SpeechRecognition
0x0000000003cfd000 	/usr/lib/libauto.dylib
0x0000000003cfd000 	/usr/lib/libicucore.A.dylib
0x0000000003cfd000 	/usr/lib/libxml2.2.dylib
0x0000000003cfd000 	/System/Library/PrivateFrameworks/CoreUI.framework/Versions/A/CoreUI
0x0000000003cfd000 	/System/Library/Frameworks/CoreAudio.framework/Versions/A/CoreAudio
0x0000000003cfd000 	/System/Library/Frameworks/DiskArbitration.framework/Versions/A/DiskArbitration
0x0000000003cfd000 	/usr/lib/liblangid.dylib
0x0000000003cfd000 	/System/Library/PrivateFrameworks/MultitouchSupport.framework/Versions/A/MultitouchSupport
0x0000000003cfd000 	/System/Library/Frameworks/IOKit.framework/Versions/A/IOKit
0x0000000003cfd000 	/usr/lib/libDiagnosticMessagesClient.dylib
0x0000000003cfd000 	/System/Library/Frameworks/CoreServices.framework/Versions/A/CoreServices
0x0000000003cfd000 	/System/Library/PrivateFrameworks/PerformanceAnalysis.framework/Versions/A/PerformanceAnalysis
0x0000000003cfd000 	/System/Library/PrivateFrameworks/GenerationalStorage.framework/Versions/A/GenerationalStorage
0x0000000003cfd000 	/System/Library/Frameworks/OpenGL.framework/Versions/A/OpenGL
0x0000000003cfd000 	/System/Library/PrivateFrameworks/Sharing.framework/Versions/A/Sharing
0x0000000003cfd000 	/System/Library/Frameworks/CoreGraphics.framework/Versions/A/CoreGraphics
0x0000000003cfd000 	/System/Library/Frameworks/CoreImage.framework/Versions/A/CoreImage
0x0000000003cfd000 	/System/Library/Frameworks/CoreText.framework/Versions/A/CoreText
0x0000000003cfd000 	/System/Library/Frameworks/ImageIO.framework/Versions/A/ImageIO
0x0000000003cfd000 	/System/Library/PrivateFrameworks/Backup.framework/Versions/A/Backup
0x0000000003cfd000 	/usr/lib/libextension.dylib
0x0000000003cfd000 	/usr/lib/libarchive.2.dylib
0x0000000003cfd000 	/System/Library/Frameworks/CFNetwork.framework/Versions/A/CFNetwork
0x0000000003cfd000 	/System/Library/Frameworks/SystemConfiguration.framework/Versions/A/SystemConfiguration
0x0000000003cfd000 	/usr/lib/libCRFSuite.dylib
0x0000000003cfd000 	/usr/lib/libc++.1.dylib
0x0000000003cfd000 	/usr/lib/libc++abi.dylib
0x0000000003cfd000 	/usr/lib/system/libcache.dylib
0x0000000003cfd000 	/usr/lib/system/libcommonCrypto.dylib
0x0000000003cfd000 	/usr/lib/system/libcompiler_rt.dylib
0x0000000003cfd000 	/usr/lib/system/libcopyfile.dylib
0x0000000003cfd000 	/usr/lib/system/libcorecrypto.dylib
0x0000000003cfd000 	/usr/lib/system/libdispatch.dylib
0x0000000003cfd000 	/usr/lib/system/libdyld.dylib
0x0000000003cfd000 	/usr/lib/system/libkeymgr.dylib
0x0000000003cfd000 	/usr/lib/system/liblaunch.dylib
0x0000000003cfd000 	/usr/lib/system/libmacho.dylib
0x0000000003cfd000 	/usr/lib/system/libquarantine.dylib
0x0000000003cfd000 	/usr/lib/system/libremovefile.dylib
0x0000000003cfd000 	/usr/lib/system/libsystem_asl.dylib
0x0000000003cfd000 	/usr/lib/system/libsystem_blocks.dylib
0x0000000003cfd000 	/usr/lib/system/libsystem_c.dylib
0x0000000003cfd000 	/usr/lib/system/libsystem_configuration.dylib
0x0000000003cfd000 	/usr/lib/system/libsystem_coreservices.dylib
0x0000000003cfd000 	/usr/lib/system/libsystem_coretls.dylib
0x0000000003cfd000 	/usr/lib/system/libsystem_dnssd.dylib
0x0000000003cfd000 	/usr/lib/system/libsystem_info.dylib
0x0000000003cfd000 	/usr/lib/system/libsystem_kernel.dylib
0x0000000003cfd000 	/usr/lib/system/libsystem_m.dylib
0x0000000003cfd000 	/usr/lib/system/libsystem_malloc.dylib
0x0000000003cfd000 	/usr/lib/system/libsystem_network.dylib
0x0000000003cfd000 	/usr/lib/system/libsystem_networkextension.dylib
0x0000000003cfd000 	/usr/lib/system/libsystem_notify.dylib
0x0000000003cfd000 	/usr/lib/system/libsystem_platform.dylib
0x0000000003cfd000 	/usr/lib/system/libsystem_pthread.dylib
0x0000000003cfd000 	/usr/lib/system/libsystem_sandbox.dylib
0x0000000003cfd000 	/usr/lib/system/libsystem_secinit.dylib
0x0000000003cfd000 	/usr/lib/system/libsystem_trace.dylib
0x0000000003cfd000 	/usr/lib/system/libunc.dylib
0x0000000003cfd000 	/usr/lib/system/libunwind.dylib
0x0000000003cfd000 	/usr/lib/system/libxpc.dylib
0x0000000003cfd000 	/usr/lib/libenergytrace.dylib
0x0000000003cfd000 	/usr/lib/libbsm.0.dylib
0x0000000003cfd000 	/usr/lib/system/libkxld.dylib
0x0000000003cfd000 	/usr/lib/libxar.1.dylib
0x0000000003cfd000 	/usr/lib/libsqlite3.dylib
0x0000000003cfd000 	/usr/lib/libpam.2.dylib
0x0000000003cfd000 	/usr/lib/libOpenScriptingUtil.dylib
0x0000000003cfd000 	/usr/lib/libbz2.1.0.dylib
0x0000000003cfd000 	/usr/lib/liblzma.5.dylib
0x0000000003cfd000 	/System/Library/Frameworks/CoreServices.framework/Versions/A/Frameworks/FSEvents.framework/Versions/A/FSEvents
0x0000000003cfd000 	/System/Library/Frameworks/CoreServices.framework/Versions/A/Frameworks/CarbonCore.framework/Versions/A/CarbonCore
0x0000000003cfd000 	/System/Library/Frameworks/CoreServices.framework/Versions/A/Frameworks/Metadata.framework/Versions/A/Metadata
0x0000000003cfd000 	/System/Library/Frameworks/CoreServices.framework/Versions/A/Frameworks/OSServices.framework/Versions/A/OSServices
0x0000000003cfd000 	/System/Library/Frameworks/CoreServices.framework/Versions/A/Frameworks/SearchKit.framework/Versions/A/SearchKit
0x0000000003cfd000 	/System/Library/Frameworks/CoreServices.framework/Versions/A/Frameworks/AE.framework/Versions/A/AE
0x0000000003cfd000 	/System/Library/Frameworks/CoreServices.framework/Versions/A/Frameworks/LaunchServices.framework/Versions/A/LaunchServices
0x0000000003cfd000 	/System/Library/Frameworks/CoreServices.framework/Versions/A/Frameworks/DictionaryServices.framework/Versions/A/DictionaryServices
0x0000000003cfd000 	/System/Library/Frameworks/CoreServices.framework/Versions/A/Frameworks/SharedFileList.framework/Versions/A/SharedFileList
0x0000000003cfd000 	/System/Library/Frameworks/NetFS.framework/Versions/A/NetFS
0x0000000003cfd000 	/System/Library/PrivateFrameworks/NetAuth.framework/Versions/A/NetAuth
0x0000000003cfd000 	/System/Library/PrivateFrameworks/login.framework/Versions/A/Frameworks/loginsupport.framework/Versions/A/loginsupport
0x0000000003cfd000 	/System/Library/PrivateFrameworks/TCC.framework/Versions/A/TCC
0x0000000003cfd000 	/usr/lib/libmecabra.dylib
0x0000000003cfd000 	/System/Library/Frameworks/ApplicationServices.framework/Versions/A/Frameworks/ATS.framework/Versions/A/ATS
0x0000000003cfd000 	/System/Library/Frameworks/ApplicationServices.framework/Versions/A/Frameworks/ColorSync.framework/Versions/A/ColorSync
0x0000000003cfd000 	/System/Library/Frameworks/ApplicationServices.framework/Versions/A/Frameworks/HIServices.framework/Versions/A/HIServices
0x0000000003cfd000 	/System/Library/Frameworks/ApplicationServices.framework/Versions/A/Frameworks/LangAnalysis.framework/Versions/A/LangAnalysis
0x0000000003cfd000 	/System/Library/Frameworks/ApplicationServices.framework/Versions/A/Frameworks/PrintCore.framework/Versions/A/PrintCore
0x0000000003cfd000 	/System/Library/Frameworks/ApplicationServices.framework/Versions/A/Frameworks/QD.framework/Versions/A/QD
0x0000000003cfd000 	/System/Library/Frameworks/ApplicationServices.framework/Versions/A/Frameworks/SpeechSynthesis.framework/Versions/A/SpeechSynthesis
0x0000000003cfd000 	/System/Library/Frameworks/Metal.framework/Versions/A/Metal
0x0000000003cfd000 	/System/Library/Frameworks/Accelerate.framework/Versions/A/Frameworks/vImage.framework/Versions/A/vImage
0x0000000003cfd000 	/System/Library/Frameworks/Accelerate.framework/Versions/A/Frameworks/vecLib.framework/Versions/A/vecLib
0x0000000003cfd000 	/System/Library/Frameworks/Accelerate.framework/Versions/A/Frameworks/vecLib.framework/Versions/A/libvDSP.dylib
0x0000000003cfd000 	/System/Library/Frameworks/Accelerate.framework/Versions/A/Frameworks/vecLib.framework/Versions/A/libvMisc.dylib
0x0000000003cfd000 	/System/Library/Frameworks/Accelerate.framework/Versions/A/Frameworks/vecLib.framework/Versions/A/libLAPACK.dylib
0x0000000003cfd000 	/System/Library/Frameworks/Accelerate.framework/Versions/A/Frameworks/vecLib.framework/Versions/A/libBLAS.dylib
0x0000000003cfd000 	/System/Library/Frameworks/Accelerate.framework/Versions/A/Frameworks/vecLib.framework/Versions/A/libLinearAlgebra.dylib
0x0000000003cfd000 	/System/Library/Frameworks/Accelerate.framework/Versions/A/Frameworks/vecLib.framework/Versions/A/libSparseBLAS.dylib
0x0000000003cfd000 	/System/Library/PrivateFrameworks/GPUCompiler.framework/libmetal_timestamp.dylib
0x0000000003cfd000 	/System/Library/Frameworks/OpenGL.framework/Versions/A/Libraries/libCoreFSCache.dylib
0x0000000003cfd000 	/System/Library/PrivateFrameworks/IOAccelerator.framework/Versions/A/IOAccelerator
0x0000000003cfd000 	/System/Library/Frameworks/ApplicationServices.framework/Versions/A/Frameworks/ATS.framework/Versions/A/Resources/libFontParser.dylib
0x0000000003cfd000 	/System/Library/Frameworks/ApplicationServices.framework/Versions/A/Frameworks/ATS.framework/Versions/A/Resources/libFontRegistry.dylib
0x0000000003cfd000 	/System/Library/PrivateFrameworks/AppleVPA.framework/Versions/A/AppleVPA
0x0000000003cfd000 	/System/Library/PrivateFrameworks/AppleJPEG.framework/Versions/A/AppleJPEG
0x0000000003cfd000 	/System/Library/Frameworks/ImageIO.framework/Versions/A/Resources/libJPEG.dylib
0x0000000003cfd000 	/System/Library/Frameworks/ImageIO.framework/Versions/A/Resources/libTIFF.dylib
0x0000000003cfd000 	/System/Library/Frameworks/ImageIO.framework/Versions/A/Resources/libPng.dylib
0x0000000003cfd000 	/System/Library/Frameworks/ImageIO.framework/Versions/A/Resources/libGIF.dylib
0x0000000003cfd000 	/System/Library/Frameworks/ImageIO.framework/Versions/A/Resources/libJP2.dylib
0x0000000003cfd000 	/System/Library/Frameworks/ImageIO.framework/Versions/A/Resources/libRadiance.dylib
0x0000000003cfd000 	/System/Library/Frameworks/CoreVideo.framework/Versions/A/CoreVideo
0x0000000003cfd000 	/System/Library/Frameworks/OpenGL.framework/Versions/A/Libraries/libGLU.dylib
0x0000000003cfd000 	/System/Library/Frameworks/OpenGL.framework/Versions/A/Libraries/libGFXShared.dylib
0x0000000003cfd000 	/System/Library/Frameworks/OpenGL.framework/Versions/A/Libraries/libGL.dylib
0x0000000003cfd000 	/System/Library/Frameworks/OpenGL.framework/Versions/A/Libraries/libGLImage.dylib
0x0000000003cfd000 	/System/Library/Frameworks/OpenGL.framework/Versions/A/Libraries/libCVMSPluginSupport.dylib
0x0000000003cfd000 	/System/Library/Frameworks/OpenGL.framework/Versions/A/Libraries/libCoreVMClient.dylib
0x0000000003cfd000 	/usr/lib/libcups.2.dylib
0x0000000003cfd000 	/System/Library/Frameworks/Kerberos.framework/Versions/A/Kerberos
0x0000000003cfd000 	/System/Library/Frameworks/GSS.framework/Versions/A/GSS
0x0000000003cfd000 	/usr/lib/libresolv.9.dylib
0x0000000003cfd000 	/usr/lib/libiconv.2.dylib
0x0000000003cfd000 	/System/Library/PrivateFrameworks/Heimdal.framework/Versions/A/Heimdal
0x0000000003cfd000 	/usr/lib/libheimdal-asn1.dylib
0x0000000003cfd000 	/System/Library/Frameworks/OpenDirectory.framework/Versions/A/OpenDirectory
0x0000000003cfd000 	/System/Library/PrivateFrameworks/CommonAuth.framework/Versions/A/CommonAuth
0x0000000003cfd000 	/System/Library/Frameworks/OpenDirectory.framework/Versions/A/Frameworks/CFOpenDirectory.framework/Versions/A/CFOpenDirectory
0x0000000003cfd000 	/System/Library/Frameworks/SecurityFoundation.framework/Versions/A/SecurityFoundation
0x0000000003cfd000 	/System/Library/PrivateFrameworks/LanguageModeling.framework/Versions/A/LanguageModeling
0x0000000003cfd000 	/usr/lib/libmarisa.dylib
0x0000000003cfd000 	/usr/lib/libChineseTokenizer.dylib
0x0000000003cfd000 	/usr/lib/libcmph.dylib
0x0000000003cfd000 	/usr/lib/libcompression.dylib
0x0000000003cfd000 	/System/Library/Frameworks/ServiceManagement.framework/Versions/A/ServiceManagement
0x0000000003cfd000 	/usr/lib/libxslt.1.dylib
0x0000000003cfd000 	/System/Library/Frameworks/Carbon.framework/Versions/A/Frameworks/Ink.framework/Versions/A/Ink
0x0000000003cfd000 	/usr/lib/libFosl_dynamic.dylib
0x0000000003cfd000 	/System/Library/PrivateFrameworks/FaceCore.framework/Versions/A/FaceCore
0x0000000003cfd000 	/System/Library/Frameworks/OpenCL.framework/Versions/A/OpenCL
0x0000000003cfd000 	/System/Library/PrivateFrameworks/CrashReporterSupport.framework/Versions/A/CrashReporterSupport
0x0000000003cfd000 	/System/Library/PrivateFrameworks/IconServices.framework/Versions/A/IconServices
0x0000000003cfd000 	/System/Library/PrivateFrameworks/Apple80211.framework/Versions/A/Apple80211
0x0000000003cfd000 	/System/Library/Frameworks/CoreWLAN.framework/Versions/A/CoreWLAN
0x0000000003cfd000 	/System/Library/Frameworks/IOBluetooth.framework/Versions/A/IOBluetooth
0x0000000003cfd000 	/System/Library/PrivateFrameworks/CoreWiFi.framework/Versions/A/CoreWiFi
0x0000000003cfd000 	/System/Library/Frameworks/CoreBluetooth.framework/Versions/A/CoreBluetooth
0x0000000003cfd000 	/System/Library/PrivateFrameworks/ChunkingLibrary.framework/Versions/A/ChunkingLibrary
0x0000000003cfd000 	/System/Library/PrivateFrameworks/DebugSymbols.framework/Versions/A/DebugSymbols
0x0000000003cfd000 	/System/Library/PrivateFrameworks/CoreSymbolication.framework/Versions/A/CoreSymbolication
0x0000000003cfd000 	/System/Library/PrivateFrameworks/Symbolication.framework/Versions/A/Symbolication
0x0000000003cfd000 	/System/Library/PrivateFrameworks/SpeechRecognitionCore.framework/Versions/A/SpeechRecognitionCore
0x0000000108600000 	/Library/Java/JavaVirtualMachines/jdk1.8.0_102.jdk/Contents/Home/jre/lib/server/libjvm.dylib
0x0000000003cfd000 	/usr/lib/libstdc++.6.dylib
0x0000000107584000 	/Library/Java/JavaVirtualMachines/jdk1.8.0_102.jdk/Contents/Home/jre/lib/libverify.dylib
0x0000000107592000 	/Library/Java/JavaVirtualMachines/jdk1.8.0_102.jdk/Contents/Home/jre/lib/libjava.dylib
0x00000001094ee000 	/Library/Java/JavaVirtualMachines/jdk1.8.0_102.jdk/Contents/Home/jre/lib/libjdwp.dylib
0x00000001075c8000 	/Library/Java/JavaVirtualMachines/jdk1.8.0_102.jdk/Contents/Home/jre/lib/libnpt.dylib
0x00000001075d5000 	/Library/Java/JavaVirtualMachines/jdk1.8.0_102.jdk/Contents/Home/jre/lib/libzip.dylib
0x00000001245a5000 	/System/Library/Frameworks/JavaVM.framework/Frameworks/JavaRuntimeSupport.framework/JavaRuntimeSupport
0x00000001245c0000 	/System/Library/Frameworks/JavaVM.framework/Versions/A/Frameworks/JavaNativeFoundation.framework/Versions/A/JavaNativeFoundation
0x00000001245d5000 	/System/Library/Frameworks/JavaVM.framework/Versions/A/JavaVM
0x0000000003cfd000 	/System/Library/Frameworks/Carbon.framework/Versions/A/Carbon
0x00000001245e2000 	/System/Library/PrivateFrameworks/JavaLaunching.framework/Versions/A/JavaLaunching
0x0000000003cfd000 	/System/Library/Frameworks/Carbon.framework/Versions/A/Frameworks/CommonPanels.framework/Versions/A/CommonPanels
0x0000000003cfd000 	/System/Library/Frameworks/Carbon.framework/Versions/A/Frameworks/Help.framework/Versions/A/Help
0x0000000003cfd000 	/System/Library/Frameworks/Carbon.framework/Versions/A/Frameworks/ImageCapture.framework/Versions/A/ImageCapture
0x0000000003cfd000 	/System/Library/Frameworks/Carbon.framework/Versions/A/Frameworks/OpenScripting.framework/Versions/A/OpenScripting
0x0000000003cfd000 	/System/Library/Frameworks/Carbon.framework/Versions/A/Frameworks/Print.framework/Versions/A/Print
0x0000000003cfd000 	/System/Library/Frameworks/Carbon.framework/Versions/A/Frameworks/SecurityHI.framework/Versions/A/SecurityHI
0x0000000125f05000 	/Library/Java/JavaVirtualMachines/jdk1.8.0_102.jdk/Contents/Home/jre/lib/libdt_socket.dylib
0x0000000125fde000 	/Library/Java/JavaVirtualMachines/jdk1.8.0_102.jdk/Contents/Home/jre/lib/libprism_es2.dylib
0x0000000003cfd000 	/System/Library/Frameworks/OpenGL.framework/Versions/A/Resources/GLEngine.bundle/GLEngine
0x0000000003cfd000 	/System/Library/Frameworks/OpenGL.framework/Versions/A/Libraries/libGLProgrammability.dylib
0x0000000126060000 	/System/Library/Extensions/AppleIntelHD4000GraphicsGLDriver.bundle/Contents/MacOS/AppleIntelHD4000GraphicsGLDriver
0x0000000003cfd000 	/System/Library/PrivateFrameworks/GPUSupport.framework/Versions/A/Libraries/libGPUSupportMercury.dylib
0x0000000000000000 	/System/Library/Extensions/GeForceGLDriver.bundle/Contents/MacOS/GeForceGLDriver
0x0000000003cfd000 	/System/Library/Extensions/GeForceGLDriver.bundle/Contents/MacOS/libclh.dylib
0x0000000003cfd000 	/System/Library/Frameworks/OpenGL.framework/Versions/A/Resources/GLRendererFloat.bundle/GLRendererFloat
0x0000000003cfd000 	/System/Library/Frameworks/OpenCL.framework/Versions/A/Libraries/libcldcpuengine.dylib
0x0000000003cfd000 	/System/Library/PrivateFrameworks/DiskImages.framework/Versions/A/DiskImages
0x0000000003cfd000 	/System/Library/Frameworks/DiscRecording.framework/Versions/A/DiscRecording
0x0000000003cfd000 	/usr/lib/libcsfde.dylib
0x0000000003cfd000 	/usr/lib/libcurl.4.dylib
0x0000000003cfd000 	/System/Library/PrivateFrameworks/MediaKit.framework/Versions/A/MediaKit
0x0000000003cfd000 	/System/Library/PrivateFrameworks/ProtectedCloudStorage.framework/Versions/A/ProtectedCloudStorage
0x0000000003cfd000 	/usr/lib/libCoreStorage.dylib
0x0000000003cfd000 	/System/Library/PrivateFrameworks/EFILogin.framework/Versions/A/EFILogin
0x0000000003cfd000 	/usr/lib/libutil.dylib
0x0000000003cfd000 	/System/Library/PrivateFrameworks/FindMyDevice.framework/Versions/A/FindMyDevice
0x0000000003cfd000 	/System/Library/Frameworks/LDAP.framework/Versions/A/LDAP
0x0000000003cfd000 	/usr/lib/libsasl2.2.dylib
0x0000000003cfd000 	/System/Library/PrivateFrameworks/CoreDaemon.framework/Versions/B/CoreDaemon
0x0000000003cfd000 	/usr/lib/libcrypto.0.9.8.dylib
0x0000000003cfd000 	/System/Library/PrivateFrameworks/AppleSRP.framework/Versions/A/AppleSRP
0x0000000003cfd000 	/System/Library/PrivateFrameworks/TrustEvaluationAgent.framework/Versions/A/TrustEvaluationAgent
0x0000000126999000 	/Library/Java/JavaVirtualMachines/jdk1.8.0_102.jdk/Contents/Home/jre/lib/libglass.dylib
0x0000000003cfd000 	/System/Library/PrivateFrameworks/CoreServicesInternal.framework/Versions/A/CoreServicesInternal
0x0000000003cfd000 	/System/Library/CoreServices/RawCamera.bundle/Contents/MacOS/RawCamera
0x0000000003cfd000 	/System/Library/Frameworks/CoreGraphics.framework/Versions/A/Resources/libRIP.A.dylib
0x0000000003cfd000 	/System/Library/Frameworks/Accelerate.framework/Versions/A/Frameworks/vImage.framework/Versions/A/Libraries/libCGInterfaces.dylib
0x0000000003cfd000 	/System/Library/PrivateFrameworks/FamilyControls.framework/Versions/A/FamilyControls
0x0000000003cfd000 	/System/Library/PrivateFrameworks/CommerceKit.framework/Versions/A/Frameworks/CommerceCore.framework/Versions/A/CommerceCore
0x0000000003cfd000 	/System/Library/PrivateFrameworks/SystemAdministration.framework/Versions/A/SystemAdministration
0x0000000003cfd000 	/System/Library/PrivateFrameworks/AppContainer.framework/Versions/A/AppContainer
0x0000000003cfd000 	/System/Library/PrivateFrameworks/SecCodeWrapper.framework/Versions/A/SecCodeWrapper
0x0000000003cfd000 	/System/Library/Frameworks/DirectoryService.framework/Versions/A/DirectoryService
0x0000000003cfd000 	/System/Library/PrivateFrameworks/LoginUIKit.framework/Versions/A/Frameworks/LoginUICore.framework/Versions/A/LoginUICore
0x0000000003cfd000 	/usr/lib/libodfde.dylib
0x000000012a8f2000 	/Library/Java/JavaVirtualMachines/jdk1.8.0_102.jdk/Contents/Home/jre/lib/libjfxwebkit.dylib
0x000000012cd64000 	/Library/Java/JavaVirtualMachines/jdk1.8.0_102.jdk/Contents/Home/jre/lib/libjavafx_font.dylib
0x0000000003cfd000 	/System/Library/Frameworks/CoreGraphics.framework/Versions/A/Resources/libCGXType.A.dylib
0x0000000130fb0000 	cl_kernels
0x0000000003cfd000 	/System/Library/Frameworks/OpenCL.framework/Versions/A/Libraries/ImageFormats/unorm8_bgra.dylib
0x0000000003cfd000 	/System/Library/Frameworks/OpenCL.framework/Versions/A/Libraries/ImageFormats/unorm8_rgba.dylib
0x0000000133b50000 	/Library/Java/JavaVirtualMachines/jdk1.8.0_102.jdk/Contents/Home/jre/lib/libprism_common.dylib
0x0000000000000000 	/System/Library/Extensions/GeForceMTLDriver.bundle/Contents/MacOS/GeForceMTLDriver
0x0000000138987000 	/System/Library/Extensions/AppleIntelHD4000GraphicsMTLDriver.bundle/Contents/MacOS/AppleIntelHD4000GraphicsMTLDriver
0x000000013b2bb000 	/Library/Java/JavaVirtualMachines/jdk1.8.0_102.jdk/Contents/Home/jre/lib/libnet.dylib
0x000000012d780000 	/Library/Java/JavaVirtualMachines/jdk1.8.0_102.jdk/Contents/Home/jre/lib/libnio.dylib
0x000000013bd83000 	/Library/Java/JavaVirtualMachines/jdk1.8.0_102.jdk/Contents/Home/jre/lib/libsunec.dylib
0x00000001420e3000 	/Library/Java/JavaVirtualMachines/jdk1.8.0_102.jdk/Contents/Home/jre/lib/libjavafx_iio.dylib
0x0000000141c87000 	/Library/Java/JavaVirtualMachines/jdk1.8.0_102.jdk/Contents/Home/jre/lib/libawt.dylib
0x0000000145793000 	/Library/Java/JavaVirtualMachines/jdk1.8.0_102.jdk/Contents/Home/jre/lib/./libmlib_image.dylib
0x0000000148e7d000 	/Library/Java/JavaVirtualMachines/jdk1.8.0_102.jdk/Contents/Home/jre/lib/libawt_lwawt.dylib
0x000000013101c000 	/Library/Java/JavaVirtualMachines/jdk1.8.0_102.jdk/Contents/Home/jre/lib/./libosxapp.dylib
0x0000000003cfd000 	/System/Library/Frameworks/ExceptionHandling.framework/Versions/A/ExceptionHandling

VM Arguments:
jvm_args: -Xdebug -Xrunjdwp:transport=dt_socket,address=localhost:50386 -Dfile.encoding=UTF-8 
java_command: /Users/arman/Documents/Projects/Java/NetBeans/Real/WebBrowserFX/dist/run1048596897/WebBrowserFX.jar
java_class_path (initial): /Users/arman/Documents/Projects/Java/NetBeans/Real/WebBrowserFX/dist/run1048596897/WebBrowserFX.jar
Launcher Type: SUN_STANDARD

Environment Variables:
PATH=/usr/bin:/bin:/usr/sbin:/sbin
LD_LIBRARY_PATH=/Library/Java/JavaVirtualMachines/jdk1.8.0_102.jdk/Contents/Home/jre/lib/amd64:/Library/Java/JavaVirtualMachines/jdk1.8.0_102.jdk/Contents/Home/jre/lib/i386:
SHELL=/bin/bash
DISPLAY=/private/tmp/com.apple.launchd.UW1LXyh5oL/org.macosforge.xquartz:0
DYLD_LIBRARY_PATH=/Applications/NetBeans/NetBeans 8.0.app/Contents/Resources/NetBeans/webcommon/bin:

Signal Handlers:
SIGSEGV: [libjvm.dylib+0x57d451], sa_mask[0]=11111111011111110111111111111111, sa_flags=SA_ONSTACK|SA_RESTART|SA_SIGINFO
SIGBUS: [libjvm.dylib+0x57d451], sa_mask[0]=11111111011111110111111111111111, sa_flags=SA_RESTART|SA_SIGINFO
SIGFPE: [libjvm.dylib+0x45744c], sa_mask[0]=11111111011111110111111111111111, sa_flags=SA_RESTART|SA_SIGINFO
SIGPIPE: [libjvm.dylib+0x45744c], sa_mask[0]=11111111011111110111111111111111, sa_flags=SA_RESTART|SA_SIGINFO
SIGXFSZ: [libjvm.dylib+0x45744c], sa_mask[0]=11111111011111110111111111111111, sa_flags=SA_RESTART|SA_SIGINFO
SIGILL: [libjvm.dylib+0x45744c], sa_mask[0]=11111111011111110111111111111111, sa_flags=SA_RESTART|SA_SIGINFO
SIGUSR1: SIG_DFL, sa_mask[0]=00000000000000000000000000000000, sa_flags=none
SIGUSR2: [libjvm.dylib+0x456f6a], sa_mask[0]=00100000000000000000000000000000, sa_flags=SA_RESTART|SA_SIGINFO
SIGHUP: [libjvm.dylib+0x455541], sa_mask[0]=11111111011111110111111111111111, sa_flags=SA_RESTART|SA_SIGINFO
SIGINT: SIG_IGN, sa_mask[0]=00000000000000000000000000000000, sa_flags=none
SIGTERM: [libjvm.dylib+0x455541], sa_mask[0]=11111111011111110111111111111111, sa_flags=SA_RESTART|SA_SIGINFO
SIGQUIT: [libjvm.dylib+0x455541], sa_mask[0]=11111111011111110111111111111111, sa_flags=SA_RESTART|SA_SIGINFO


---------------  S Y S T E M  ---------------

OS:Bsduname:Darwin 15.0.0 Darwin Kernel Version 15.0.0: Wed Aug 26 16:57:32 PDT 2015; root:xnu-3247.1.106~1/RELEASE_X86_64 x86_64
rlimit: STACK 8192k, CORE 0k, NPROC 709, NOFILE 10240, AS infinity
load average:2.08 1.94 1.86

CPU:total 8 (4 cores per cpu, 2 threads per core) family 6 model 58 stepping 9, cmov, cx8, fxsr, mmx, sse, sse2, sse3, ssse3, sse4.1, sse4.2, popcnt, avx, aes, clmul, erms, ht, tsc, tscinvbit, tscinv

Memory: 4k page, physical 16777216k(3757928k free)

/proc/meminfo:


vm_info: Java HotSpot(TM) 64-Bit Server VM (25.102-b04) for bsd-amd64 JRE (1.8.0_102-ea-b04), built on Apr 25 2016 14:13:06 by "java_re" with gcc 4.2.1 (Based on Apple Inc. build 5658) (LLVM build 2336.11.00)

time: Fri Apr 29 11:22:38 2016
elapsed time: 355 seconds (0d 0h 5m 55s)

